android/app/build/intermediates/manifest_merge_blame_file/debug/manifest-merger-blame-debug-report.txt
1<?xml version="1.0" encoding="utf-8"?>
2<manifest xmlns:android="http://schemas.android.com/apk/res/android"
3    package="com.onebitlife"
4    android:versionCode="1"
5    android:versionName="1.0" >
6
7    <uses-sdk
8        android:minSdkVersion="21"
9        android:targetSdkVersion="31" />
10
11    <uses-permission android:name="android.permission.SYSTEM_ALERT_WINDOW" />
11-->src/debug/AndroidManifest.xml:5:5-77
11-->src/debug/AndroidManifest.xml:5:22-75
12    <uses-permission android:name="android.permission.INTERNET" />
12-->src/main/AndroidManifest.xml:4:5-67
12-->src/main/AndroidManifest.xml:4:22-64
13    <uses-permission android:name="android.permission.VIBRATE" />
13-->src/main/AndroidManifest.xml:5:5-66
13-->src/main/AndroidManifest.xml:5:22-63
14    <uses-permission android:name="android.permission.RECEIVE_BOOT_COMPLETED" />
14-->src/main/AndroidManifest.xml:6:5-80
14-->src/main/AndroidManifest.xml:6:22-78
15    <uses-permission android:name="android.permission.ACCESS_WIFI_STATE" />
15-->[com.facebook.flipper:flipper:0.125.0] AndroidManifest.xml:16:5-76
15-->[com.facebook.flipper:flipper:0.125.0] AndroidManifest.xml:16:22-73
16    <uses-permission android:name="android.permission.ACCESS_NETWORK_STATE" />
16-->[com.google.firebase:firebase-messaging:23.1.1] AndroidManifest.xml:24:5-79
16-->[com.google.firebase:firebase-messaging:23.1.1] AndroidManifest.xml:24:22-76
17    <uses-permission android:name="android.permission.POST_NOTIFICATIONS" />
17-->[com.google.firebase:firebase-messaging:23.1.1] AndroidManifest.xml:25:5-77
17-->[com.google.firebase:firebase-messaging:23.1.1] AndroidManifest.xml:25:22-74
18    <uses-permission android:name="android.permission.WAKE_LOCK" /> <!-- Required by older versions of Google Play services to create IID tokens -->
18-->[com.google.firebase:firebase-messaging:23.1.1] AndroidManifest.xml:26:5-68
18-->[com.google.firebase:firebase-messaging:23.1.1] AndroidManifest.xml:26:22-65
19    <uses-permission android:name="com.google.android.c2dm.permission.RECEIVE" />
19-->[com.google.firebase:firebase-messaging:23.1.1] AndroidManifest.xml:28:5-82
19-->[com.google.firebase:firebase-messaging:23.1.1] AndroidManifest.xml:28:22-79
20    <uses-permission android:name="com.google.android.gms.permission.AD_ID" />
20-->[com.google.android.gms:play-services-measurement-api:21.2.0] AndroidManifest.xml:25:5-79
20-->[com.google.android.gms:play-services-measurement-api:21.2.0] AndroidManifest.xml:25:22-76
21    <uses-permission android:name="com.google.android.finsky.permission.BIND_GET_INSTALL_REFERRER_SERVICE" /> <!-- for android -->
21-->[com.google.android.gms:play-services-measurement:21.2.0] AndroidManifest.xml:26:5-110
21-->[com.google.android.gms:play-services-measurement:21.2.0] AndroidManifest.xml:26:22-107
22    <!-- <uses-permission android:name="com.android.launcher.permission.READ_SETTINGS"/> -->
23    <!-- <uses-permission android:name="com.android.launcher.permission.WRITE_SETTINGS"/> -->
24    <!-- <uses-permission android:name="com.android.launcher.permission.INSTALL_SHORTCUT" /> -->
25    <!-- <uses-permission android:name="com.android.launcher.permission.UNINSTALL_SHORTCUT" /> -->
26    <!-- for Samsung -->
27    <uses-permission android:name="com.sec.android.provider.badge.permission.READ" />
27-->[me.leolin:ShortcutBadger:1.1.22] AndroidManifest.xml:19:5-86
27-->[me.leolin:ShortcutBadger:1.1.22] AndroidManifest.xml:19:22-83
28    <uses-permission android:name="com.sec.android.provider.badge.permission.WRITE" /> <!-- for htc -->
28-->[me.leolin:ShortcutBadger:1.1.22] AndroidManifest.xml:20:5-87
28-->[me.leolin:ShortcutBadger:1.1.22] AndroidManifest.xml:20:22-84
29    <uses-permission android:name="com.htc.launcher.permission.READ_SETTINGS" />
29-->[me.leolin:ShortcutBadger:1.1.22] AndroidManifest.xml:23:5-81
29-->[me.leolin:ShortcutBadger:1.1.22] AndroidManifest.xml:23:22-78
30    <uses-permission android:name="com.htc.launcher.permission.UPDATE_SHORTCUT" /> <!-- for sony -->
30-->[me.leolin:ShortcutBadger:1.1.22] AndroidManifest.xml:24:5-83
30-->[me.leolin:ShortcutBadger:1.1.22] AndroidManifest.xml:24:22-80
31    <uses-permission android:name="com.sonyericsson.home.permission.BROADCAST_BADGE" />
31-->[me.leolin:ShortcutBadger:1.1.22] AndroidManifest.xml:27:5-88
31-->[me.leolin:ShortcutBadger:1.1.22] AndroidManifest.xml:27:22-85
32    <uses-permission android:name="com.sonymobile.home.permission.PROVIDER_INSERT_BADGE" /> <!-- for apex -->
32-->[me.leolin:ShortcutBadger:1.1.22] AndroidManifest.xml:28:5-92
32-->[me.leolin:ShortcutBadger:1.1.22] AndroidManifest.xml:28:22-89
33    <uses-permission android:name="com.anddoes.launcher.permission.UPDATE_COUNT" /> <!-- for solid -->
33-->[me.leolin:ShortcutBadger:1.1.22] AndroidManifest.xml:31:5-84
33-->[me.leolin:ShortcutBadger:1.1.22] AndroidManifest.xml:31:22-81
34    <uses-permission android:name="com.majeur.launcher.permission.UPDATE_BADGE" /> <!-- for huawei -->
34-->[me.leolin:ShortcutBadger:1.1.22] AndroidManifest.xml:34:5-83
34-->[me.leolin:ShortcutBadger:1.1.22] AndroidManifest.xml:34:22-80
35    <uses-permission android:name="com.huawei.android.launcher.permission.CHANGE_BADGE" />
35-->[me.leolin:ShortcutBadger:1.1.22] AndroidManifest.xml:37:5-91
35-->[me.leolin:ShortcutBadger:1.1.22] AndroidManifest.xml:37:22-88
36    <uses-permission android:name="com.huawei.android.launcher.permission.READ_SETTINGS" />
36-->[me.leolin:ShortcutBadger:1.1.22] AndroidManifest.xml:38:5-92
36-->[me.leolin:ShortcutBadger:1.1.22] AndroidManifest.xml:38:22-89
37    <uses-permission android:name="com.huawei.android.launcher.permission.WRITE_SETTINGS" /> <!-- for ZUK -->
37-->[me.leolin:ShortcutBadger:1.1.22] AndroidManifest.xml:39:5-93
37-->[me.leolin:ShortcutBadger:1.1.22] AndroidManifest.xml:39:22-90
38    <uses-permission android:name="android.permission.READ_APP_BADGE" /> <!-- for OPPO -->
38-->[me.leolin:ShortcutBadger:1.1.22] AndroidManifest.xml:42:5-73
38-->[me.leolin:ShortcutBadger:1.1.22] AndroidManifest.xml:42:22-70
39    <uses-permission android:name="com.oppo.launcher.permission.READ_SETTINGS" />
39-->[me.leolin:ShortcutBadger:1.1.22] AndroidManifest.xml:45:5-82
39-->[me.leolin:ShortcutBadger:1.1.22] AndroidManifest.xml:45:22-79
40    <uses-permission android:name="com.oppo.launcher.permission.WRITE_SETTINGS" /> <!-- for EvMe -->
40-->[me.leolin:ShortcutBadger:1.1.22] AndroidManifest.xml:46:5-83
40-->[me.leolin:ShortcutBadger:1.1.22] AndroidManifest.xml:46:22-80
41    <uses-permission android:name="me.everything.badger.permission.BADGE_COUNT_READ" />
41-->[me.leolin:ShortcutBadger:1.1.22] AndroidManifest.xml:49:5-88
41-->[me.leolin:ShortcutBadger:1.1.22] AndroidManifest.xml:49:22-85
42    <uses-permission android:name="me.everything.badger.permission.BADGE_COUNT_WRITE" />
42-->[me.leolin:ShortcutBadger:1.1.22] AndroidManifest.xml:50:5-89
42-->[me.leolin:ShortcutBadger:1.1.22] AndroidManifest.xml:50:22-86
43
44    <application
44-->src/main/AndroidManifest.xml:8:5-52:19
45        android:name="com.onebitlife.MainApplication"
45-->src/main/AndroidManifest.xml:9:7-38
46        android:allowBackup="false"
46-->src/main/AndroidManifest.xml:13:7-34
47        android:appComponentFactory="androidx.core.app.CoreComponentFactory"
47-->[androidx.core:core:1.7.0] AndroidManifest.xml:24:18-86
48        android:debuggable="true"
49        android:icon="@mipmap/ic_launcher"
49-->src/main/AndroidManifest.xml:11:7-41
50        android:label="@string/app_name"
50-->src/main/AndroidManifest.xml:10:7-39
51        android:roundIcon="@mipmap/ic_launcher_round"
51-->src/main/AndroidManifest.xml:12:7-52
52        android:theme="@style/AppTheme"
52-->src/main/AndroidManifest.xml:14:7-38
53        android:usesCleartextTraffic="true" >
53-->src/debug/AndroidManifest.xml:8:9-44
54        <activity
54-->src/debug/AndroidManifest.xml:11:9-111
55            android:name="com.facebook.react.devsupport.DevSettingsActivity"
55-->src/debug/AndroidManifest.xml:11:19-83
56            android:exported="false" />
56-->src/debug/AndroidManifest.xml:11:84-108
57        <activity
57-->src/main/AndroidManifest.xml:15:7-26:18
58            android:name="com.onebitlife.MainActivity"
58-->src/main/AndroidManifest.xml:16:9-37
59            android:configChanges="keyboard|keyboardHidden|orientation|screenLayout|screenSize|smallestScreenSize|uiMode"
59-->src/main/AndroidManifest.xml:18:9-118
60            android:exported="true"
60-->src/main/AndroidManifest.xml:21:9-32
61            android:label="@string/app_name"
61-->src/main/AndroidManifest.xml:17:9-41
62            android:launchMode="singleTask"
62-->src/main/AndroidManifest.xml:19:9-40
63            android:windowSoftInputMode="adjustResize" >
63-->src/main/AndroidManifest.xml:20:9-51
64            <intent-filter>
64-->src/main/AndroidManifest.xml:22:9-25:25
65                <action android:name="android.intent.action.MAIN" />
65-->src/main/AndroidManifest.xml:23:13-65
65-->src/main/AndroidManifest.xml:23:21-62
66
67                <category android:name="android.intent.category.LAUNCHER" />
67-->src/main/AndroidManifest.xml:24:13-73
67-->src/main/AndroidManifest.xml:24:23-70
68            </intent-filter>
69        </activity> <!-- Change the value to true to enable pop-up for in foreground on receiving remote notifications (for prevent duplicating while showing local notifications set this to false) -->
70        <meta-data
70-->src/main/AndroidManifest.xml:28:9-29:44
71            android:name="com.dieam.reactnativepushnotification.notification_foreground"
71-->src/main/AndroidManifest.xml:28:21-97
72            android:value="false" /> <!-- Change the resource name to your App's accent color - or any other color you want -->
72-->src/main/AndroidManifest.xml:29:21-42
73        <meta-data
73-->src/main/AndroidManifest.xml:31:9-32:54
74            android:name="com.dieam.reactnativepushnotification.notification_color"
74-->src/main/AndroidManifest.xml:31:21-92
75            android:resource="@color/white" /> <!-- or @android:color/{name} to use a standard color -->
75-->src/main/AndroidManifest.xml:32:21-52
76        <receiver android:name="com.dieam.reactnativepushnotification.modules.RNPushNotificationActions" />
76-->src/main/AndroidManifest.xml:34:9-108
76-->src/main/AndroidManifest.xml:34:19-105
77        <receiver android:name="com.dieam.reactnativepushnotification.modules.RNPushNotificationPublisher" />
77-->src/main/AndroidManifest.xml:35:9-110
77-->src/main/AndroidManifest.xml:35:19-107
78        <receiver
78-->src/main/AndroidManifest.xml:36:9-43:20
79            android:name="com.dieam.reactnativepushnotification.modules.RNPushNotificationBootEventReceiver"
79-->src/main/AndroidManifest.xml:36:19-115
80            android:exported="false" >
80-->src/main/AndroidManifest.xml:37:13-37
81            <intent-filter>
81-->src/main/AndroidManifest.xml:38:13-42:29
82                <action android:name="android.intent.action.BOOT_COMPLETED" />
82-->src/main/AndroidManifest.xml:39:17-79
82-->src/main/AndroidManifest.xml:39:25-76
83                <action android:name="android.intent.action.QUICKBOOT_POWERON" />
83-->src/main/AndroidManifest.xml:40:17-82
83-->src/main/AndroidManifest.xml:40:25-79
84                <action android:name="com.htc.intent.action.QUICKBOOT_POWERON" />
84-->src/main/AndroidManifest.xml:41:17-81
84-->src/main/AndroidManifest.xml:41:25-79
85            </intent-filter>
86        </receiver>
87
88        <service
88-->src/main/AndroidManifest.xml:45:9-51:19
89            android:name="com.dieam.reactnativepushnotification.modules.RNPushNotificationListenerService"
89-->src/main/AndroidManifest.xml:46:13-107
90            android:exported="false" >
90-->src/main/AndroidManifest.xml:47:13-37
91            <intent-filter>
91-->src/main/AndroidManifest.xml:48:13-50:29
92                <action android:name="com.google.firebase.MESSAGING_EVENT" />
92-->src/main/AndroidManifest.xml:49:17-78
92-->src/main/AndroidManifest.xml:49:25-75
93            </intent-filter>
94        </service>
95
96        <meta-data
96-->[:react-native-firebase_app] AndroidManifest.xml:11:9-13:36
97            android:name="app_data_collection_default_enabled"
97-->[:react-native-firebase_app] AndroidManifest.xml:12:13-63
98            android:value="true" />
98-->[:react-native-firebase_app] AndroidManifest.xml:13:13-33
99
100        <service
100-->[:react-native-firebase_app] AndroidManifest.xml:15:9-23:19
101            android:name="com.google.firebase.components.ComponentDiscoveryService"
101-->[:react-native-firebase_app] AndroidManifest.xml:16:13-84
102            android:directBootAware="true"
102-->[:react-native-firebase_app] AndroidManifest.xml:17:13-43
103            android:exported="false" >
103-->[:react-native-firebase_app] AndroidManifest.xml:18:13-37
104            <meta-data
104-->[:react-native-firebase_app] AndroidManifest.xml:20:13-22:85
105                android:name="com.google.firebase.components:io.invertase.firebase.app.ReactNativeFirebaseAppRegistrar"
105-->[:react-native-firebase_app] AndroidManifest.xml:21:17-120
106                android:value="com.google.firebase.components.ComponentRegistrar" />
106-->[:react-native-firebase_app] AndroidManifest.xml:22:17-82
107            <meta-data
107-->[com.google.firebase:firebase-messaging:23.1.1] AndroidManifest.xml:55:13-57:85
108                android:name="com.google.firebase.components:com.google.firebase.messaging.FirebaseMessagingRegistrar"
108-->[com.google.firebase:firebase-messaging:23.1.1] AndroidManifest.xml:56:17-119
109                android:value="com.google.firebase.components.ComponentRegistrar" />
109-->[com.google.firebase:firebase-messaging:23.1.1] AndroidManifest.xml:57:17-82
110            <meta-data
110-->[com.google.firebase:firebase-datatransport:18.1.7] AndroidManifest.xml:27:13-29:85
111                android:name="com.google.firebase.components:com.google.firebase.datatransport.TransportRegistrar"
111-->[com.google.firebase:firebase-datatransport:18.1.7] AndroidManifest.xml:28:17-115
112                android:value="com.google.firebase.components.ComponentRegistrar" />
112-->[com.google.firebase:firebase-datatransport:18.1.7] AndroidManifest.xml:29:17-82
113            <meta-data
113-->[com.google.android.gms:play-services-measurement-api:21.2.0] AndroidManifest.xml:31:13-33:85
114                android:name="com.google.firebase.components:com.google.firebase.analytics.connector.internal.AnalyticsConnectorRegistrar"
114-->[com.google.android.gms:play-services-measurement-api:21.2.0] AndroidManifest.xml:32:17-139
115                android:value="com.google.firebase.components.ComponentRegistrar" />
115-->[com.google.android.gms:play-services-measurement-api:21.2.0] AndroidManifest.xml:33:17-82
116            <meta-data
116-->[com.google.firebase:firebase-installations:17.1.0] AndroidManifest.xml:17:13-19:85
117                android:name="com.google.firebase.components:com.google.firebase.installations.FirebaseInstallationsRegistrar"
117-->[com.google.firebase:firebase-installations:17.1.0] AndroidManifest.xml:18:17-127
118                android:value="com.google.firebase.components.ComponentRegistrar" />
118-->[com.google.firebase:firebase-installations:17.1.0] AndroidManifest.xml:19:17-82
119        </service>
120
121        <provider
121-->[:react-native-firebase_app] AndroidManifest.xml:25:9-29:38
122            android:name="io.invertase.firebase.app.ReactNativeFirebaseAppInitProvider"
122-->[:react-native-firebase_app] AndroidManifest.xml:26:13-88
123            android:authorities="com.onebitlife.reactnativefirebaseappinitprovider"
123-->[:react-native-firebase_app] AndroidManifest.xml:27:13-86
124            android:exported="false"
124-->[:react-native-firebase_app] AndroidManifest.xml:28:13-37
125            android:initOrder="99" />
125-->[:react-native-firebase_app] AndroidManifest.xml:29:13-35
126
127        <receiver
127-->[com.google.firebase:firebase-messaging:23.1.1] AndroidManifest.xml:31:9-38:20
128            android:name="com.google.firebase.iid.FirebaseInstanceIdReceiver"
128-->[com.google.firebase:firebase-messaging:23.1.1] AndroidManifest.xml:32:13-78
129            android:exported="true"
129-->[com.google.firebase:firebase-messaging:23.1.1] AndroidManifest.xml:33:13-36
130            android:permission="com.google.android.c2dm.permission.SEND" >
130-->[com.google.firebase:firebase-messaging:23.1.1] AndroidManifest.xml:34:13-73
131            <intent-filter>
131-->[com.google.firebase:firebase-messaging:23.1.1] AndroidManifest.xml:35:13-37:29
132                <action android:name="com.google.android.c2dm.intent.RECEIVE" />
132-->[com.google.firebase:firebase-messaging:23.1.1] AndroidManifest.xml:36:17-81
132-->[com.google.firebase:firebase-messaging:23.1.1] AndroidManifest.xml:36:25-78
133            </intent-filter>
134        </receiver>
135        <!--
136             FirebaseMessagingService performs security checks at runtime,
137             but set to not exported to explicitly avoid allowing another app to call it.
138        -->
139        <service
139-->[com.google.firebase:firebase-messaging:23.1.1] AndroidManifest.xml:44:9-51:19
140            android:name="com.google.firebase.messaging.FirebaseMessagingService"
140-->[com.google.firebase:firebase-messaging:23.1.1] AndroidManifest.xml:45:13-82
141            android:directBootAware="true"
141-->[com.google.firebase:firebase-messaging:23.1.1] AndroidManifest.xml:46:13-43
142            android:exported="false" >
142-->[com.google.firebase:firebase-messaging:23.1.1] AndroidManifest.xml:47:13-37
143            <intent-filter android:priority="-500" >
143-->src/main/AndroidManifest.xml:48:13-50:29
144                <action android:name="com.google.firebase.MESSAGING_EVENT" />
144-->src/main/AndroidManifest.xml:49:17-78
144-->src/main/AndroidManifest.xml:49:25-75
145            </intent-filter>
146        </service>
147        <service
147-->[com.google.android.datatransport:transport-backend-cct:3.1.8] AndroidManifest.xml:28:9-34:19
148            android:name="com.google.android.datatransport.runtime.backends.TransportBackendDiscovery"
148-->[com.google.android.datatransport:transport-backend-cct:3.1.8] AndroidManifest.xml:29:13-103
149            android:exported="false" >
149-->[com.google.android.datatransport:transport-backend-cct:3.1.8] AndroidManifest.xml:30:13-37
150            <meta-data
150-->[com.google.android.datatransport:transport-backend-cct:3.1.8] AndroidManifest.xml:31:13-33:39
151                android:name="backend:com.google.android.datatransport.cct.CctBackendFactory"
151-->[com.google.android.datatransport:transport-backend-cct:3.1.8] AndroidManifest.xml:32:17-94
152                android:value="cct" />
152-->[com.google.android.datatransport:transport-backend-cct:3.1.8] AndroidManifest.xml:33:17-36
153        </service>
154        <service
154-->[com.google.android.datatransport:transport-runtime:3.1.8] AndroidManifest.xml:26:9-30:19
155            android:name="com.google.android.datatransport.runtime.scheduling.jobscheduling.JobInfoSchedulerService"
155-->[com.google.android.datatransport:transport-runtime:3.1.8] AndroidManifest.xml:27:13-117
156            android:exported="false"
156-->[com.google.android.datatransport:transport-runtime:3.1.8] AndroidManifest.xml:28:13-37
157            android:permission="android.permission.BIND_JOB_SERVICE" >
157-->[com.google.android.datatransport:transport-runtime:3.1.8] AndroidManifest.xml:29:13-69
158        </service>
159
160        <receiver
160-->[com.google.android.datatransport:transport-runtime:3.1.8] AndroidManifest.xml:32:9-34:40
161            android:name="com.google.android.datatransport.runtime.scheduling.jobscheduling.AlarmManagerSchedulerBroadcastReceiver"
161-->[com.google.android.datatransport:transport-runtime:3.1.8] AndroidManifest.xml:33:13-132
162            android:exported="false" />
162-->[com.google.android.datatransport:transport-runtime:3.1.8] AndroidManifest.xml:34:13-37
163
164        <provider
164-->[com.google.firebase:firebase-common:20.3.0] AndroidManifest.xml:25:9-30:39
165            android:name="com.google.firebase.provider.FirebaseInitProvider"
165-->[com.google.firebase:firebase-common:20.3.0] AndroidManifest.xml:26:13-77
166            android:authorities="com.onebitlife.firebaseinitprovider"
166-->[com.google.firebase:firebase-common:20.3.0] AndroidManifest.xml:27:13-72
167            android:directBootAware="true"
167-->[com.google.firebase:firebase-common:20.3.0] AndroidManifest.xml:28:13-43
168            android:exported="false"
168-->[com.google.firebase:firebase-common:20.3.0] AndroidManifest.xml:29:13-37
169            android:initOrder="100" />
169-->[com.google.firebase:firebase-common:20.3.0] AndroidManifest.xml:30:13-36
170
171        <activity
171-->[com.google.android.gms:play-services-auth:20.3.0] AndroidManifest.xml:23:9-27:75
172            android:name="com.google.android.gms.auth.api.signin.internal.SignInHubActivity"
172-->[com.google.android.gms:play-services-auth:20.3.0] AndroidManifest.xml:24:13-93
173            android:excludeFromRecents="true"
173-->[com.google.android.gms:play-services-auth:20.3.0] AndroidManifest.xml:25:13-46
174            android:exported="false"
174-->[com.google.android.gms:play-services-auth:20.3.0] AndroidManifest.xml:26:13-37
175            android:theme="@android:style/Theme.Translucent.NoTitleBar" />
175-->[com.google.android.gms:play-services-auth:20.3.0] AndroidManifest.xml:27:13-72
176        <!--
177            Service handling Google Sign-In user revocation. For apps that do not integrate with
178            Google Sign-In, this service will never be started.
179        -->
180        <service
180-->[com.google.android.gms:play-services-auth:20.3.0] AndroidManifest.xml:33:9-37:51
181            android:name="com.google.android.gms.auth.api.signin.RevocationBoundService"
181-->[com.google.android.gms:play-services-auth:20.3.0] AndroidManifest.xml:34:13-89
182            android:exported="true"
182-->[com.google.android.gms:play-services-auth:20.3.0] AndroidManifest.xml:35:13-36
183            android:permission="com.google.android.gms.auth.api.signin.permission.REVOCATION_NOTIFICATION"
183-->[com.google.android.gms:play-services-auth:20.3.0] AndroidManifest.xml:36:13-107
184            android:visibleToInstantApps="true" />
184-->[com.google.android.gms:play-services-auth:20.3.0] AndroidManifest.xml:37:13-48
185
186        <activity
186-->[com.google.android.gms:play-services-base:18.0.1] AndroidManifest.xml:20:9-22:45
187            android:name="com.google.android.gms.common.api.GoogleApiActivity"
187-->[com.google.android.gms:play-services-base:18.0.1] AndroidManifest.xml:20:19-85
188            android:exported="false"
188-->[com.google.android.gms:play-services-base:18.0.1] AndroidManifest.xml:22:19-43
189            android:theme="@android:style/Theme.Translucent.NoTitleBar" />
189-->[com.google.android.gms:play-services-base:18.0.1] AndroidManifest.xml:21:19-78
190
191        <receiver
191-->[com.google.android.gms:play-services-measurement:21.2.0] AndroidManifest.xml:29:9-33:20
192            android:name="com.google.android.gms.measurement.AppMeasurementReceiver"
192-->[com.google.android.gms:play-services-measurement:21.2.0] AndroidManifest.xml:30:13-85
193            android:enabled="true"
193-->[com.google.android.gms:play-services-measurement:21.2.0] AndroidManifest.xml:31:13-35
194            android:exported="false" >
194-->[com.google.android.gms:play-services-measurement:21.2.0] AndroidManifest.xml:32:13-37
195        </receiver>
196
197        <service
197-->[com.google.android.gms:play-services-measurement:21.2.0] AndroidManifest.xml:35:9-38:40
198            android:name="com.google.android.gms.measurement.AppMeasurementService"
198-->[com.google.android.gms:play-services-measurement:21.2.0] AndroidManifest.xml:36:13-84
199            android:enabled="true"
199-->[com.google.android.gms:play-services-measurement:21.2.0] AndroidManifest.xml:37:13-35
200            android:exported="false" />
200-->[com.google.android.gms:play-services-measurement:21.2.0] AndroidManifest.xml:38:13-37
201        <service
201-->[com.google.android.gms:play-services-measurement:21.2.0] AndroidManifest.xml:39:9-43:72
202            android:name="com.google.android.gms.measurement.AppMeasurementJobService"
202-->[com.google.android.gms:play-services-measurement:21.2.0] AndroidManifest.xml:40:13-87
203            android:enabled="true"
203-->[com.google.android.gms:play-services-measurement:21.2.0] AndroidManifest.xml:41:13-35
204            android:exported="false"
204-->[com.google.android.gms:play-services-measurement:21.2.0] AndroidManifest.xml:42:13-37
205            android:permission="android.permission.BIND_JOB_SERVICE" />
205-->[com.google.android.gms:play-services-measurement:21.2.0] AndroidManifest.xml:43:13-69
206
207        <meta-data
207-->[com.google.android.gms:play-services-basement:18.1.0] AndroidManifest.xml:21:9-23:69
208            android:name="com.google.android.gms.version"
208-->[com.google.android.gms:play-services-basement:18.1.0] AndroidManifest.xml:22:13-58
209            android:value="@integer/google_play_services_version" />
209-->[com.google.android.gms:play-services-basement:18.1.0] AndroidManifest.xml:23:13-66
210
211        <provider
211-->[androidx.emoji2:emoji2:1.0.0] AndroidManifest.xml:26:9-34:20
212            android:name="androidx.startup.InitializationProvider"
212-->[androidx.emoji2:emoji2:1.0.0] AndroidManifest.xml:27:13-67
213            android:authorities="com.onebitlife.androidx-startup"
213-->[androidx.emoji2:emoji2:1.0.0] AndroidManifest.xml:28:13-68
214            android:exported="false" >
214-->[androidx.emoji2:emoji2:1.0.0] AndroidManifest.xml:29:13-37
215            <meta-data
215-->[androidx.emoji2:emoji2:1.0.0] AndroidManifest.xml:31:13-33:52
216                android:name="androidx.emoji2.text.EmojiCompatInitializer"
216-->[androidx.emoji2:emoji2:1.0.0] AndroidManifest.xml:32:17-75
217                android:value="androidx.startup" />
217-->[androidx.emoji2:emoji2:1.0.0] AndroidManifest.xml:33:17-49
218            <meta-data
218-->[androidx.lifecycle:lifecycle-process:2.4.0] AndroidManifest.xml:31:13-33:52
219                android:name="androidx.lifecycle.ProcessLifecycleInitializer"
219-->[androidx.lifecycle:lifecycle-process:2.4.0] AndroidManifest.xml:32:17-78
220                android:value="androidx.startup" />
220-->[androidx.lifecycle:lifecycle-process:2.4.0] AndroidManifest.xml:33:17-49
221        </provider>
222    </application>
223
224</manifest>